[0222/141915.402:ERROR:file_io.cc(134)] WriteFile: The pipe is being closed. (0xE8)
[0307/231413.776:ERROR:process_memory_win.cc(73)] ReadMemory at 0x257bf270000 of 64 bytes failed: Only part of a ReadProcessMemory or WriteProcessMemory request was completed. (0x12B)
[0307/231416.662:WARNING:pe_image_reader.cc(302)] could not read dos header from C:\Windows\System32\RPCRT4.dll
[0307/231416.662:ERROR:process_memory_win.cc(73)] ReadMemory at 0x257bf413300 of 72 bytes failed: Only part of a ReadProcessMemory or WriteProcessMemory request was completed. (0x12B)
[0307/231416.662:WARNING:pe_image_annotations_reader.cc(133)] could not read annotations list object in C:\Program Files (x86)\Google\Chrome\Application\72.0.3626.119\chrome_elf.dll
[0307/231416.968:ERROR:process_memory_win.cc(73)] ReadMemory at 0x257bf7c2fa0 of 72 bytes failed: Only part of a ReadProcessMemory or WriteProcessMemory request was completed. (0x12B)
[0307/231416.968:WARNING:pe_image_annotations_reader.cc(133)] could not read annotations list object in C:\Program Files (x86)\Google\Chrome\Application\72.0.3626.119\chrome_child.dll
[0307/231416.968:ERROR:process_memory_win.cc(73)] ReadMemory at 0x257bf3a0000 of 64 bytes failed: Only part of a ReadProcessMemory or WriteProcessMemory request was completed. (0x12B)
[0307/231416.968:WARNING:pe_image_reader.cc(302)] could not read dos header from C:\Windows\System32\WS2_32.dll
[0307/231418.058:ERROR:process_memory_win.cc(73)] ReadMemory at 0xfee53ef000 of 69632 bytes failed: Only part of a ReadProcessMemory or WriteProcessMemory request was completed. (0x12B)
[0307/231418.059:ERROR:process_memory_win.cc(73)] ReadMemory at 0xfee55fe000 of 8192 bytes failed: Only part of a ReadProcessMemory or WriteProcessMemory request was completed. (0x12B)
[0307/231418.059:ERROR:process_memory_win.cc(73)] ReadMemory at 0xfee59fc000 of 16384 bytes failed: Only part of a ReadProcessMemory or WriteProcessMemory request was completed. (0x12B)
[0307/231418.059:ERROR:process_memory_win.cc(73)] ReadMemory at 0xfee5bfe000 of 8192 bytes failed: Only part of a ReadProcessMemory or WriteProcessMemory request was completed. (0x12B)
[0307/231418.059:ERROR:process_memory_win.cc(73)] ReadMemory at 0xfee5dfd000 of 12288 bytes failed: Only part of a ReadProcessMemory or WriteProcessMemory request was completed. (0x12B)
[0307/231418.059:ERROR:process_memory_win.cc(73)] ReadMemory at 0xfee5ffd000 of 12288 bytes failed: Only part of a ReadProcessMemory or WriteProcessMemory request was completed. (0x12B)
[0307/231418.059:ERROR:process_memory_win.cc(73)] ReadMemory at 0xfee61ff000 of 4096 bytes failed: Only part of a ReadProcessMemory or WriteProcessMemory request was completed. (0x12B)
[0307/231418.060:ERROR:process_memory_win.cc(73)] ReadMemory at 0xfee63fe000 of 8192 bytes failed: Only part of a ReadProcessMemory or WriteProcessMemory request was completed. (0x12B)
[0307/231418.060:ERROR:process_memory_win.cc(73)] ReadMemory at 0xfee65fc000 of 16384 bytes failed: Only part of a ReadProcessMemory or WriteProcessMemory request was completed. (0x12B)
[0307/231418.060:ERROR:process_memory_win.cc(73)] ReadMemory at 0xfee67f7000 of 36864 bytes failed: Only part of a ReadProcessMemory or WriteProcessMemory request was completed. (0x12B)
[0307/231418.060:ERROR:process_memory_win.cc(73)] ReadMemory at 0xfee69f8000 of 32768 bytes failed: Only part of a ReadProcessMemory or WriteProcessMemory request was completed. (0x12B)
[0307/231418.060:ERROR:process_memory_win.cc(73)] ReadMemory at 0xfee6bfe000 of 8192 bytes failed: Only part of a ReadProcessMemory or WriteProcessMemory request was completed. (0x12B)
[0307/231418.060:ERROR:process_memory_win.cc(73)] ReadMemory at 0xfee57fe000 of 8192 bytes failed: Only part of a ReadProcessMemory or WriteProcessMemory request was completed. (0x12B)
[0307/231418.060:ERROR:process_memory_win.cc(73)] ReadMemory at 0xfee71fd000 of 12288 bytes failed: Only part of a ReadProcessMemory or WriteProcessMemory request was completed. (0x12B)
[0307/231418.060:ERROR:process_memory_win.cc(73)] ReadMemory at 0xfee6dfe000 of 8192 bytes failed: Only part of a ReadProcessMemory or WriteProcessMemory request was completed. (0x12B)
[0307/231418.688:ERROR:process_memory_win.cc(73)] ReadMemory at 0xfee5082000 of 852 bytes failed: Only part of a ReadProcessMemory or WriteProcessMemory request was completed. (0x12B)
[0307/231418.689:ERROR:process_memory_win.cc(73)] ReadMemory at 0xfee5083000 of 6024 bytes failed: Only part of a ReadProcessMemory or WriteProcessMemory request was completed. (0x12B)
[0307/231418.689:ERROR:process_memory_win.cc(73)] ReadMemory at 0xfee5085000 of 6024 bytes failed: Only part of a ReadProcessMemory or WriteProcessMemory request was completed. (0x12B)
[0307/231418.689:ERROR:process_memory_win.cc(73)] ReadMemory at 0xfee5089000 of 6024 bytes failed: Only part of a ReadProcessMemory or WriteProcessMemory request was completed. (0x12B)
[0307/231418.689:ERROR:process_memory_win.cc(73)] ReadMemory at 0xfee508b000 of 6024 bytes failed: Only part of a ReadProcessMemory or WriteProcessMemory request was completed. (0x12B)
[0307/231418.690:ERROR:process_memory_win.cc(73)] ReadMemory at 0xfee508d000 of 6024 bytes failed: Only part of a ReadProcessMemory or WriteProcessMemory request was completed. (0x12B)
[0307/231418.690:ERROR:process_memory_win.cc(73)] ReadMemory at 0xfee508f000 of 6024 bytes failed: Only part of a ReadProcessMemory or WriteProcessMemory request was completed. (0x12B)
[0307/231418.690:ERROR:process_memory_win.cc(73)] ReadMemory at 0xfee5091000 of 6024 bytes failed: Only part of a ReadProcessMemory or WriteProcessMemory request was completed. (0x12B)
[0307/231418.690:ERROR:process_memory_win.cc(73)] ReadMemory at 0xfee5093000 of 6024 bytes failed: Only part of a ReadProcessMemory or WriteProcessMemory request was completed. (0x12B)
[0307/231418.721:ERROR:process_memory_win.cc(73)] ReadMemory at 0xfee5095000 of 6024 bytes failed: Only part of a ReadProcessMemory or WriteProcessMemory request was completed. (0x12B)
[0307/231418.721:ERROR:process_memory_win.cc(73)] ReadMemory at 0xfee5097000 of 6024 bytes failed: Only part of a ReadProcessMemory or WriteProcessMemory request was completed. (0x12B)
[0307/231418.721:ERROR:process_memory_win.cc(73)] ReadMemory at 0xfee5099000 of 6024 bytes failed: Only part of a ReadProcessMemory or WriteProcessMemory request was completed. (0x12B)
[0307/231418.721:ERROR:process_memory_win.cc(73)] ReadMemory at 0xfee509b000 of 6024 bytes failed: Only part of a ReadProcessMemory or WriteProcessMemory request was completed. (0x12B)
[0307/231418.721:ERROR:process_memory_win.cc(73)] ReadMemory at 0xfee50a7000 of 6024 bytes failed: Only part of a ReadProcessMemory or WriteProcessMemory request was completed. (0x12B)
[0307/231418.721:ERROR:process_memory_win.cc(73)] ReadMemory at 0xfee50b1000 of 6024 bytes failed: Only part of a ReadProcessMemory or WriteProcessMemory request was completed. (0x12B)
[0307/231418.721:ERROR:process_memory_win.cc(73)] ReadMemory at 0xfee50b3000 of 6024 bytes failed: Only part of a ReadProcessMemory or WriteProcessMemory request was completed. (0x12B)
[0307/231418.722:ERROR:process_memory_win.cc(73)] ReadMemory at 0x257bf040750 of 62 bytes failed: Only part of a ReadProcessMemory or WriteProcessMemory request was completed. (0x12B)
[0307/231418.722:ERROR:process_memory_win.cc(73)] ReadMemory at 0x257bf040fe0 of 15672 bytes failed: Only part of a ReadProcessMemory or WriteProcessMemory request was completed. (0x12B)
[0307/231418.722:ERROR:process_memory_win.cc(73)] ReadMemory at 0x257bf044d20 of 1012 bytes failed: Only part of a ReadProcessMemory or WriteProcessMemory request was completed. (0x12B)
[0307/231418.722:ERROR:process_memory_win.cc(73)] ReadMemory at 0x257bf045348 of 118 bytes failed: Only part of a ReadProcessMemory or WriteProcessMemory request was completed. (0x12B)
[0307/231418.723:ERROR:process_memory_win.cc(73)] ReadMemory at 0x257bf0453c0 of 1042 bytes failed: Only part of a ReadProcessMemory or WriteProcessMemory request was completed. (0x12B)
[0307/231418.723:ERROR:process_memory_win.cc(73)] ReadMemory at 0x257bf0457d4 of 118 bytes failed: Only part of a ReadProcessMemory or WriteProcessMemory request was completed. (0x12B)
[0307/231418.723:ERROR:process_memory_win.cc(73)] ReadMemory at 0x257bf04584c of 100 bytes failed: Only part of a ReadProcessMemory or WriteProcessMemory request was completed. (0x12B)
[0307/231418.723:ERROR:process_memory_win.cc(73)] ReadMemory at 0x257bf0458c0 of 58 bytes failed: Only part of a ReadProcessMemory or WriteProcessMemory request was completed. (0x12B)
[0307/231418.724:ERROR:process_memory_win.cc(73)] ReadMemory at 0x257bf0459c0 of 132 bytes failed: Only part of a ReadProcessMemory or WriteProcessMemory request was completed. (0x12B)
[0307/231418.724:ERROR:process_memory_win.cc(73)] ReadMemory at 0x257bf045b50 of 132 bytes failed: Only part of a ReadProcessMemory or WriteProcessMemory request was completed. (0x12B)
[0307/231418.724:ERROR:process_memory_win.cc(73)] ReadMemory at 0x257bf045d10 of 126 bytes failed: Only part of a ReadProcessMemory or WriteProcessMemory request was completed. (0x12B)
[0307/231418.724:ERROR:process_memory_win.cc(73)] ReadMemory at 0x257bf0460f0 of 132 bytes failed: Only part of a ReadProcessMemory or WriteProcessMemory request was completed. (0x12B)
[0307/231418.724:ERROR:process_memory_win.cc(73)] ReadMemory at 0x257bf046280 of 64 bytes failed: Only part of a ReadProcessMemory or WriteProcessMemory request was completed. (0x12B)
[0307/231418.724:ERROR:process_memory_win.cc(73)] ReadMemory at 0x257bf0463e0 of 132 bytes failed: Only part of a ReadProcessMemory or WriteProcessMemory request was completed. (0x12B)
[0307/231418.724:ERROR:process_memory_win.cc(73)] ReadMemory at 0x257bf046570 of 62 bytes failed: Only part of a ReadProcessMemory or WriteProcessMemory request was completed. (0x12B)
[0307/231418.725:ERROR:process_memory_win.cc(73)] ReadMemory at 0x257bf0466e0 of 132 bytes failed: Only part of a ReadProcessMemory or WriteProcessMemory request was completed. (0x12B)
[0307/231418.725:ERROR:process_memory_win.cc(73)] ReadMemory at 0x257bf046870 of 68 bytes failed: Only part of a ReadProcessMemory or WriteProcessMemory request was completed. (0x12B)
[0307/231418.725:ERROR:process_memory_win.cc(73)] ReadMemory at 0x257bf04aa30 of 132 bytes failed: Only part of a ReadProcessMemory or WriteProcessMemory request was completed. (0x12B)
[0307/231418.725:ERROR:process_memory_win.cc(73)] ReadMemory at 0x257bf04ac70 of 132 bytes failed: Only part of a ReadProcessMemory or WriteProcessMemory request was completed. (0x12B)
[0307/231418.725:ERROR:process_memory_win.cc(73)] ReadMemory at 0x257bf04ae00 of 62 bytes failed: Only part of a ReadProcessMemory or WriteProcessMemory request was completed. (0x12B)
[0307/231418.725:ERROR:process_memory_win.cc(73)] ReadMemory at 0x257bf04c5a0 of 132 bytes failed: Only part of a ReadProcessMemory or WriteProcessMemory request was completed. (0x12B)
[0307/231418.725:ERROR:process_memory_win.cc(73)] ReadMemory at 0x257bf04c730 of 60 bytes failed: Only part of a ReadProcessMemory or WriteProcessMemory request was completed. (0x12B)
[0307/231418.725:ERROR:process_memory_win.cc(73)] ReadMemory at 0x257bf04c780 of 158 bytes failed: Only part of a ReadProcessMemory or WriteProcessMemory request was completed. (0x12B)
[0307/231418.726:ERROR:process_memory_win.cc(73)] ReadMemory at 0x257bf04c980 of 132 bytes failed: Only part of a ReadProcessMemory or WriteProcessMemory request was completed. (0x12B)
[0307/231418.726:ERROR:process_memory_win.cc(73)] ReadMemory at 0x257bf04cb10 of 64 bytes failed: Only part of a ReadProcessMemory or WriteProcessMemory request was completed. (0x12B)
[0307/231418.726:ERROR:process_memory_win.cc(73)] ReadMemory at 0x257bf04cd90 of 132 bytes failed: Only part of a ReadProcessMemory or WriteProcessMemory request was completed. (0x12B)
[0307/231418.726:ERROR:process_memory_win.cc(73)] ReadMemory at 0x257bf04cf20 of 64 bytes failed: Only part of a ReadProcessMemory or WriteProcessMemory request was completed. (0x12B)
[0307/231418.726:ERROR:process_memory_win.cc(73)] ReadMemory at 0x257bf04d180 of 132 bytes failed: Only part of a ReadProcessMemory or WriteProcessMemory request was completed. (0x12B)
[0307/231418.726:ERROR:process_memory_win.cc(73)] ReadMemory at 0x257bf04d310 of 60 bytes failed: Only part of a ReadProcessMemory or WriteProcessMemory request was completed. (0x12B)
[0307/231418.726:ERROR:process_memory_win.cc(73)] ReadMemory at 0x257bf04d620 of 132 bytes failed: Only part of a ReadProcessMemory or WriteProcessMemory request was completed. (0x12B)
[0307/231418.726:ERROR:process_memory_win.cc(73)] ReadMemory at 0x257bf04d7b0 of 60 bytes failed: Only part of a ReadProcessMemory or WriteProcessMemory request was completed. (0x12B)
[0307/231418.727:ERROR:process_memory_win.cc(73)] ReadMemory at 0x257bf04d9f0 of 132 bytes failed: Only part of a ReadProcessMemory or WriteProcessMemory request was completed. (0x12B)
[0307/231418.727:ERROR:process_memory_win.cc(73)] ReadMemory at 0x257bf0502e0 of 132 bytes failed: Only part of a ReadProcessMemory or WriteProcessMemory request was completed. (0x12B)
[0307/231418.727:ERROR:process_memory_win.cc(73)] ReadMemory at 0x257bf0505e0 of 80 bytes failed: Only part of a ReadProcessMemory or WriteProcessMemory request was completed. (0x12B)
[0307/231418.749:ERROR:process_memory_win.cc(73)] ReadMemory at 0x257bf050760 of 76 bytes failed: Only part of a ReadProcessMemory or WriteProcessMemory request was completed. (0x12B)
[0307/231418.749:ERROR:process_memory_win.cc(73)] ReadMemory at 0x257bf0508e0 of 78 bytes failed: Only part of a ReadProcessMemory or WriteProcessMemory request was completed. (0x12B)
[0307/231418.749:ERROR:process_memory_win.cc(73)] ReadMemory at 0x257bf051210 of 132 bytes failed: Only part of a ReadProcessMemory or WriteProcessMemory request was completed. (0x12B)
[0307/231418.749:ERROR:process_memory_win.cc(73)] ReadMemory at 0x257bf051440 of 246 bytes failed: Only part of a ReadProcessMemory or WriteProcessMemory request was completed. (0x12B)
[0307/231418.749:ERROR:process_memory_win.cc(73)] ReadMemory at 0x257bf051b50 of 132 bytes failed: Only part of a ReadProcessMemory or WriteProcessMemory request was completed. (0x12B)
[0307/231418.749:ERROR:process_memory_win.cc(73)] ReadMemory at 0x257bf051c80 of 66 bytes failed: Only part of a ReadProcessMemory or WriteProcessMemory request was completed. (0x12B)
[0307/231418.749:ERROR:process_memory_win.cc(73)] ReadMemory at 0x257bf051ec0 of 132 bytes failed: Only part of a ReadProcessMemory or WriteProcessMemory request was completed. (0x12B)
[0307/231418.955:ERROR:process_memory_win.cc(73)] ReadMemory at 0x257bf052040 of 64 bytes failed: Only part of a ReadProcessMemory or WriteProcessMemory request was completed. (0x12B)
[0307/231418.956:ERROR:process_memory_win.cc(73)] ReadMemory at 0x257bf052090 of 64 bytes failed: Only part of a ReadProcessMemory or WriteProcessMemory request was completed. (0x12B)
[0307/231418.956:ERROR:process_memory_win.cc(73)] ReadMemory at 0x257bf0520e0 of 60 bytes failed: Only part of a ReadProcessMemory or WriteProcessMemory request was completed. (0x12B)
[0307/231418.956:ERROR:process_memory_win.cc(73)] ReadMemory at 0x257bf052130 of 58 bytes failed: Only part of a ReadProcessMemory or WriteProcessMemory request was completed. (0x12B)
[0307/231418.956:ERROR:process_memory_win.cc(73)] ReadMemory at 0x257bf0521d0 of 58 bytes failed: Only part of a ReadProcessMemory or WriteProcessMemory request was completed. (0x12B)
[0307/231419.257:ERROR:process_memory_win.cc(73)] ReadMemory at 0x257bf052220 of 66 bytes failed: Only part of a ReadProcessMemory or WriteProcessMemory request was completed. (0x12B)
[0307/231419.257:ERROR:process_memory_win.cc(73)] ReadMemory at 0x257bf052270 of 60 bytes failed: Only part of a ReadProcessMemory or WriteProcessMemory request was completed. (0x12B)
[0307/231419.257:ERROR:process_memory_win.cc(73)] ReadMemory at 0x257bf052310 of 62 bytes failed: Only part of a ReadProcessMemory or WriteProcessMemory request was completed. (0x12B)
[0307/231419.257:ERROR:process_memory_win.cc(73)] ReadMemory at 0x257bf0524a0 of 62 bytes failed: Only part of a ReadProcessMemory or WriteProcessMemory request was completed. (0x12B)
[0307/231419.640:ERROR:process_memory_win.cc(73)] ReadMemory at 0x257bf052590 of 62 bytes failed: Only part of a ReadProcessMemory or WriteProcessMemory request was completed. (0x12B)
[0307/231419.640:ERROR:process_memory_win.cc(73)] ReadMemory at 0x257bf0525e0 of 62 bytes failed: Only part of a ReadProcessMemory or WriteProcessMemory request was completed. (0x12B)
[0307/231419.640:ERROR:process_memory_win.cc(73)] ReadMemory at 0x257bf052630 of 62 bytes failed: Only part of a ReadProcessMemory or WriteProcessMemory request was completed. (0x12B)
[0307/231419.641:ERROR:process_memory_win.cc(73)] ReadMemory at 0x257bf0526d0 of 58 bytes failed: Only part of a ReadProcessMemory or WriteProcessMemory request was completed. (0x12B)
[0307/231419.641:ERROR:process_memory_win.cc(73)] ReadMemory at 0x257bf052720 of 62 bytes failed: Only part of a ReadProcessMemory or WriteProcessMemory request was completed. (0x12B)
[0307/231419.644:ERROR:process_memory_win.cc(73)] ReadMemory at 0x257bf053960 of 132 bytes failed: Only part of a ReadProcessMemory or WriteProcessMemory request was completed. (0x12B)
[0307/231419.645:ERROR:process_memory_win.cc(73)] ReadMemory at 0x257bf053a90 of 132 bytes failed: Only part of a ReadProcessMemory or WriteProcessMemory request was completed. (0x12B)
[0307/231419.645:ERROR:process_memory_win.cc(73)] ReadMemory at 0x257bf053bc0 of 132 bytes failed: Only part of a ReadProcessMemory or WriteProcessMemory request was completed. (0x12B)
[0307/231419.645:ERROR:process_memory_win.cc(73)] ReadMemory at 0x257bf053cf0 of 132 bytes failed: Only part of a ReadProcessMemory or WriteProcessMemory request was completed. (0x12B)
[0307/231419.646:ERROR:process_memory_win.cc(73)] ReadMemory at 0x257bf053e20 of 132 bytes failed: Only part of a ReadProcessMemory or WriteProcessMemory request was completed. (0x12B)
[0307/231419.646:ERROR:process_memory_win.cc(73)] ReadMemory at 0x257bf053f50 of 132 bytes failed: Only part of a ReadProcessMemory or WriteProcessMemory request was completed. (0x12B)
[0307/231419.646:ERROR:process_memory_win.cc(73)] ReadMemory at 0x257bf054080 of 132 bytes failed: Only part of a ReadProcessMemory or WriteProcessMemory request was completed. (0x12B)
[0307/231419.647:ERROR:process_memory_win.cc(73)] ReadMemory at 0x257bf0541b0 of 132 bytes failed: Only part of a ReadProcessMemory or WriteProcessMemory request was completed. (0x12B)
[0307/231419.648:ERROR:process_memory_win.cc(73)] ReadMemory at 0x257bf0542e0 of 132 bytes failed: Only part of a ReadProcessMemory or WriteProcessMemory request was completed. (0x12B)
[0307/231419.648:ERROR:process_memory_win.cc(73)] ReadMemory at 0x257bf054410 of 132 bytes failed: Only part of a ReadProcessMemory or WriteProcessMemory request was completed. (0x12B)
[0307/231419.648:ERROR:process_memory_win.cc(73)] ReadMemory at 0x257bf054540 of 132 bytes failed: Only part of a ReadProcessMemory or WriteProcessMemory request was completed. (0x12B)
[0307/231419.648:ERROR:process_memory_win.cc(73)] ReadMemory at 0x257bf054670 of 132 bytes failed: Only part of a ReadProcessMemory or WriteProcessMemory request was completed. (0x12B)
[0307/231419.649:ERROR:process_memory_win.cc(73)] ReadMemory at 0x257bf0547a0 of 132 bytes failed: Only part of a ReadProcessMemory or WriteProcessMemory request was completed. (0x12B)
[0307/231419.649:ERROR:process_memory_win.cc(73)] ReadMemory at 0x257bf055ee0 of 512 bytes failed: Only part of a ReadProcessMemory or WriteProcessMemory request was completed. (0x12B)
[0307/231419.649:ERROR:process_memory_win.cc(73)] ReadMemory at 0x257bf056100 of 132 bytes failed: Only part of a ReadProcessMemory or WriteProcessMemory request was completed. (0x12B)
[0307/231419.649:ERROR:process_memory_win.cc(73)] ReadMemory at 0x257bf056230 of 132 bytes failed: Only part of a ReadProcessMemory or WriteProcessMemory request was completed. (0x12B)
[0307/231419.649:ERROR:process_memory_win.cc(73)] ReadMemory at 0x257bf056360 of 132 bytes failed: Only part of a ReadProcessMemory or WriteProcessMemory request was completed. (0x12B)
[0307/231419.649:ERROR:process_memory_win.cc(73)] ReadMemory at 0x257bf056490 of 132 bytes failed: Only part of a ReadProcessMemory or WriteProcessMemory request was completed. (0x12B)
[0307/231419.649:ERROR:process_memory_win.cc(73)] ReadMemory at 0x257bf0566f0 of 132 bytes failed: Only part of a ReadProcessMemory or WriteProcessMemory request was completed. (0x12B)
[0307/231419.649:ERROR:process_memory_win.cc(73)] ReadMemory at 0x257bf056820 of 132 bytes failed: Only part of a ReadProcessMemory or WriteProcessMemory request was completed. (0x12B)
[0307/231419.649:ERROR:process_memory_win.cc(73)] ReadMemory at 0x257bf056950 of 132 bytes failed: Only part of a ReadProcessMemory or WriteProcessMemory request was completed. (0x12B)
[0307/231419.650:ERROR:process_memory_win.cc(73)] ReadMemory at 0x257bf056a80 of 132 bytes failed: Only part of a ReadProcessMemory or WriteProcessMemory request was completed. (0x12B)
[0307/231419.650:ERROR:process_memory_win.cc(73)] ReadMemory at 0x257bf056bb0 of 132 bytes failed: Only part of a ReadProcessMemory or WriteProcessMemory request was completed. (0x12B)
[0307/231419.650:ERROR:process_memory_win.cc(73)] ReadMemory at 0x257bf056ce0 of 132 bytes failed: Only part of a ReadProcessMemory or WriteProcessMemory request was completed. (0x12B)
[0307/231419.650:ERROR:process_memory_win.cc(73)] ReadMemory at 0x257bf056e10 of 132 bytes failed: Only part of a ReadProcessMemory or WriteProcessMemory request was completed. (0x12B)
[0307/231419.650:ERROR:process_memory_win.cc(73)] ReadMemory at 0x257bf056f40 of 132 bytes failed: Only part of a ReadProcessMemory or WriteProcessMemory request was completed. (0x12B)
[0307/231419.826:ERROR:process_memory_win.cc(73)] ReadMemory at 0x257bf057070 of 132 bytes failed: Only part of a ReadProcessMemory or WriteProcessMemory request was completed. (0x12B)
[0307/231419.845:ERROR:process_memory_win.cc(73)] ReadMemory at 0x257bf0571a0 of 132 bytes failed: Only part of a ReadProcessMemory or WriteProcessMemory request was completed. (0x12B)
[0307/231419.846:ERROR:process_memory_win.cc(73)] ReadMemory at 0x257bf0572d0 of 132 bytes failed: Only part of a ReadProcessMemory or WriteProcessMemory request was completed. (0x12B)
[0307/231419.846:ERROR:process_memory_win.cc(73)] ReadMemory at 0x257bf057400 of 132 bytes failed: Only part of a ReadProcessMemory or WriteProcessMemory request was completed. (0x12B)
[0307/231419.846:ERROR:process_memory_win.cc(73)] ReadMemory at 0x257bf057660 of 132 bytes failed: Only part of a ReadProcessMemory or WriteProcessMemory request was completed. (0x12B)
[0307/231419.846:ERROR:process_memory_win.cc(73)] ReadMemory at 0x257bf057790 of 132 bytes failed: Only part of a ReadProcessMemory or WriteProcessMemory request was completed. (0x12B)
[0307/231419.846:ERROR:process_memory_win.cc(73)] ReadMemory at 0x257bf0578c0 of 132 bytes failed: Only part of a ReadProcessMemory or WriteProcessMemory request was completed. (0x12B)
[0307/231419.846:ERROR:process_memory_win.cc(73)] ReadMemory at 0x257bf0579f0 of 132 bytes failed: Only part of a ReadProcessMemory or WriteProcessMemory request was completed. (0x12B)
[0307/231419.846:ERROR:process_memory_win.cc(73)] ReadMemory at 0x257bf057b20 of 132 bytes failed: Only part of a ReadProcessMemory or WriteProcessMemory request was completed. (0x12B)
[0307/231419.846:ERROR:process_memory_win.cc(73)] ReadMemory at 0x257bf057c50 of 132 bytes failed: Only part of a ReadProcessMemory or WriteProcessMemory request was completed. (0x12B)
[0307/231419.846:ERROR:process_memory_win.cc(73)] ReadMemory at 0x257bf057d80 of 132 bytes failed: Only part of a ReadProcessMemory or WriteProcessMemory request was completed. (0x12B)
[0307/231419.847:ERROR:process_memory_win.cc(73)] ReadMemory at 0x257bf057eb0 of 132 bytes failed: Only part of a ReadProcessMemory or WriteProcessMemory request was completed. (0x12B)
[0307/231419.847:ERROR:process_memory_win.cc(73)] ReadMemory at 0x257bf0580c0 of 154 bytes failed: Only part of a ReadProcessMemory or WriteProcessMemory request was completed. (0x12B)
[0307/231419.847:ERROR:process_memory_win.cc(73)] ReadMemory at 0x257bf059590 of 512 bytes failed: Only part of a ReadProcessMemory or WriteProcessMemory request was completed. (0x12B)
[0307/231419.847:ERROR:process_memory_win.cc(73)] ReadMemory at 0x257bf05c0c0 of 66 bytes failed: Only part of a ReadProcessMemory or WriteProcessMemory request was completed. (0x12B)
[0307/231419.847:ERROR:process_memory_win.cc(73)] ReadMemory at 0x257bf05c110 of 58 bytes failed: Only part of a ReadProcessMemory or WriteProcessMemory request was completed. (0x12B)
[0307/231419.847:ERROR:process_memory_win.cc(73)] ReadMemory at 0x257bf05c520 of 66 bytes failed: Only part of a ReadProcessMemory or WriteProcessMemory request was completed. (0x12B)
[0307/231419.848:ERROR:process_memory_win.cc(73)] ReadMemory at 0x257bf06d550 of 60 bytes failed: Only part of a ReadProcessMemory or WriteProcessMemory request was completed. (0x12B)
[0307/231419.848:ERROR:process_memory_win.cc(73)] ReadMemory at 0x257bf06d820 of 60 bytes failed: Only part of a ReadProcessMemory or WriteProcessMemory request was completed. (0x12B)
[0307/231419.848:ERROR:process_memory_win.cc(73)] ReadMemory at 0x257bf06d870 of 60 bytes failed: Only part of a ReadProcessMemory or WriteProcessMemory request was completed. (0x12B)
[0307/231419.848:ERROR:process_memory_win.cc(73)] ReadMemory at 0x257bf06d8c0 of 62 bytes failed: Only part of a ReadProcessMemory or WriteProcessMemory request was completed. (0x12B)
[0307/231419.848:ERROR:process_memory_win.cc(73)] ReadMemory at 0x257bf06d910 of 64 bytes failed: Only part of a ReadProcessMemory or WriteProcessMemory request was completed. (0x12B)
[0307/231419.848:ERROR:process_memory_win.cc(73)] ReadMemory at 0x257bf06da00 of 62 bytes failed: Only part of a ReadProcessMemory or WriteProcessMemory request was completed. (0x12B)
[0307/231419.848:ERROR:process_memory_win.cc(73)] ReadMemory at 0x257bf06da50 of 64 bytes failed: Only part of a ReadProcessMemory or WriteProcessMemory request was completed. (0x12B)
[0307/231419.848:ERROR:process_memory_win.cc(73)] ReadMemory at 0x257bf06daa0 of 62 bytes failed: Only part of a ReadProcessMemory or WriteProcessMemory request was completed. (0x12B)
[0307/231419.849:ERROR:process_memory_win.cc(73)] ReadMemory at 0x257bf06daf0 of 58 bytes failed: Only part of a ReadProcessMemory or WriteProcessMemory request was completed. (0x12B)
[0307/231419.849:ERROR:process_memory_win.cc(73)] ReadMemory at 0x257bf06db90 of 60 bytes failed: Only part of a ReadProcessMemory or WriteProcessMemory request was completed. (0x12B)
[0307/231419.849:ERROR:process_memory_win.cc(73)] ReadMemory at 0x257bf06dc30 of 62 bytes failed: Only part of a ReadProcessMemory or WriteProcessMemory request was completed. (0x12B)
[0307/231419.849:ERROR:process_memory_win.cc(73)] ReadMemory at 0x257bf06dd20 of 64 bytes failed: Only part of a ReadProcessMemory or WriteProcessMemory request was completed. (0x12B)
[0307/231419.849:ERROR:process_memory_win.cc(73)] ReadMemory at 0x257bf06dff0 of 64 bytes failed: Only part of a ReadProcessMemory or WriteProcessMemory request was completed. (0x12B)
[0307/231419.849:ERROR:process_memory_win.cc(73)] ReadMemory at 0x257bf06e040 of 56 bytes failed: Only part of a ReadProcessMemory or WriteProcessMemory request was completed. (0x12B)
[0307/231419.849:ERROR:process_memory_win.cc(73)] ReadMemory at 0x257bf06e0e0 of 62 bytes failed: Only part of a ReadProcessMemory or WriteProcessMemory request was completed. (0x12B)
[0307/231419.849:ERROR:process_memory_win.cc(73)] ReadMemory at 0x257bf06e130 of 60 bytes failed: Only part of a ReadProcessMemory or WriteProcessMemory request was completed. (0x12B)
[0307/231419.850:ERROR:process_memory_win.cc(73)] ReadMemory at 0x257bf06e180 of 58 bytes failed: Only part of a ReadProcessMemory or WriteProcessMemory request was completed. (0x12B)
[0307/231419.850:ERROR:process_memory_win.cc(73)] ReadMemory at 0x257bf06e1d0 of 64 bytes failed: Only part of a ReadProcessMemory or WriteProcessMemory request was completed. (0x12B)
[0307/231419.850:ERROR:process_memory_win.cc(73)] ReadMemory at 0x257bf06e220 of 62 bytes failed: Only part of a ReadProcessMemory or WriteProcessMemory request was completed. (0x12B)
[0307/231419.850:ERROR:process_memory_win.cc(73)] ReadMemory at 0x257bf06e2c0 of 64 bytes failed: Only part of a ReadProcessMemory or WriteProcessMemory request was completed. (0x12B)
[0307/231419.850:ERROR:process_memory_win.cc(73)] ReadMemory at 0x257bf06e310 of 64 bytes failed: Only part of a ReadProcessMemory or WriteProcessMemory request was completed. (0x12B)
[0307/231419.850:ERROR:process_memory_win.cc(73)] ReadMemory at 0x257bf06e400 of 60 bytes failed: Only part of a ReadProcessMemory or WriteProcessMemory request was completed. (0x12B)
[0307/231419.850:ERROR:process_memory_win.cc(73)] ReadMemory at 0x257bf06eef0 of 54 bytes failed: Only part of a ReadProcessMemory or WriteProcessMemory request was completed. (0x12B)
[0307/231419.850:ERROR:process_memory_win.cc(73)] ReadMemory at 0x257bf071b70 of 132 bytes failed: Only part of a ReadProcessMemory or WriteProcessMemory request was completed. (0x12B)
[0307/231419.851:ERROR:process_memory_win.cc(73)] ReadMemory at 0x257bf0723c0 of 132 bytes failed: Only part of a ReadProcessMemory or WriteProcessMemory request was completed. (0x12B)
[0307/231419.851:ERROR:process_memory_win.cc(73)] ReadMemory at 0x257bf072880 of 132 bytes failed: Only part of a ReadProcessMemory or WriteProcessMemory request was completed. (0x12B)
[0307/231419.851:ERROR:process_memory_win.cc(73)] ReadMemory at 0x257bf073330 of 132 bytes failed: Only part of a ReadProcessMemory or WriteProcessMemory request was completed. (0x12B)
[0307/231419.851:ERROR:process_memory_win.cc(73)] ReadMemory at 0x257bf073460 of 132 bytes failed: Only part of a ReadProcessMemory or WriteProcessMemory request was completed. (0x12B)
[0307/231419.851:ERROR:process_memory_win.cc(73)] ReadMemory at 0x257bf081780 of 512 bytes failed: Only part of a ReadProcessMemory or WriteProcessMemory request was completed. (0x12B)
[0307/231419.851:ERROR:process_memory_win.cc(73)] ReadMemory at 0x257bf082520 of 512 bytes failed: Only part of a ReadProcessMemory or WriteProcessMemory request was completed. (0x12B)
[0307/231419.851:ERROR:process_memory_win.cc(73)] ReadMemory at 0x257bf4422c0 of 512 bytes failed: Only part of a ReadProcessMemory or WriteProcessMemory request was completed. (0x12B)
[0307/231419.851:ERROR:process_memory_win.cc(73)] ReadMemory at 0x257bf7f68b0 of 512 bytes failed: Only part of a ReadProcessMemory or WriteProcessMemory request was completed. (0x12B)
[0307/231419.852:ERROR:process_memory_win.cc(73)] ReadMemory at 0x257bf7f6ed0 of 512 bytes failed: Only part of a ReadProcessMemory or WriteProcessMemory request was completed. (0x12B)
[0307/231419.852:ERROR:process_memory_win.cc(73)] ReadMemory at 0x257bf7f9560 of 896 bytes failed: Only part of a ReadProcessMemory or WriteProcessMemory request was completed. (0x12B)
[0307/231419.852:ERROR:process_memory_win.cc(73)] ReadMemory at 0x257bf7ffad0 of 512 bytes failed: Only part of a ReadProcessMemory or WriteProcessMemory request was completed. (0x12B)
[0307/231419.852:ERROR:process_memory_win.cc(73)] ReadMemory at 0x257bf8312b0 of 512 bytes failed: Only part of a ReadProcessMemory or WriteProcessMemory request was completed. (0x12B)
[0307/231419.852:ERROR:process_memory_win.cc(73)] ReadMemory at 0x257bf831640 of 512 bytes failed: Only part of a ReadProcessMemory or WriteProcessMemory request was completed. (0x12B)
[0307/231419.852:ERROR:process_memory_win.cc(73)] ReadMemory at 0x257bf834500 of 512 bytes failed: Only part of a ReadProcessMemory or WriteProcessMemory request was completed. (0x12B)
[0307/231419.852:ERROR:process_memory_win.cc(73)] ReadMemory at 0x257bf83a8d0 of 696 bytes failed: Only part of a ReadProcessMemory or WriteProcessMemory request was completed. (0x12B)
[0307/231419.853:ERROR:process_memory_win.cc(73)] ReadMemory at 0x257bf898810 of 512 bytes failed: Only part of a ReadProcessMemory or WriteProcessMemory request was completed. (0x12B)
[0307/231419.853:ERROR:process_memory_win.cc(73)] ReadMemory at 0x257c1776e50 of 512 bytes failed: Only part of a ReadProcessMemory or WriteProcessMemory request was completed. (0x12B)
[0307/231419.853:ERROR:process_memory_win.cc(73)] ReadMemory at 0x257c1ae3650 of 512 bytes failed: Only part of a ReadProcessMemory or WriteProcessMemory request was completed. (0x12B)
[0307/231419.853:ERROR:process_memory_win.cc(73)] ReadMemory at 0x257c1b607c0 of 512 bytes failed: Only part of a ReadProcessMemory or WriteProcessMemory request was completed. (0x12B)
[0307/231419.853:ERROR:process_memory_win.cc(73)] ReadMemory at 0x257c1bce390 of 512 bytes failed: Only part of a ReadProcessMemory or WriteProcessMemory request was completed. (0x12B)
[0307/231419.853:ERROR:process_memory_win.cc(73)] ReadMemory at 0x257c2865ce0 of 512 bytes failed: Only part of a ReadProcessMemory or WriteProcessMemory request was completed. (0x12B)
[0307/231419.853:ERROR:process_memory_win.cc(73)] ReadMemory at 0x257c778e7b0 of 512 bytes failed: Only part of a ReadProcessMemory or WriteProcessMemory request was completed. (0x12B)
[0307/231419.853:ERROR:process_memory_win.cc(73)] ReadMemory at 0x1073709c28d0 of 512 bytes failed: Only part of a ReadProcessMemory or WriteProcessMemory request was completed. (0x12B)
[0307/231419.854:ERROR:process_memory_win.cc(73)] ReadMemory at 0x14dc0940cf80 of 512 bytes failed: Only part of a ReadProcessMemory or WriteProcessMemory request was completed. (0x12B)
[0307/231419.854:ERROR:process_memory_win.cc(73)] ReadMemory at 0x7ffc1ed9672c of 512 bytes failed: Only part of a ReadProcessMemory or WriteProcessMemory request was completed. (0x12B)
[0307/231419.854:ERROR:process_memory_win.cc(73)] ReadMemory at 0x7ffc1ed97d20 of 512 bytes failed: Only part of a ReadProcessMemory or WriteProcessMemory request was completed. (0x12B)
[0307/231419.854:ERROR:process_memory_win.cc(73)] ReadMemory at 0x7ffc3feee99e of 512 bytes failed: Only part of a ReadProcessMemory or WriteProcessMemory request was completed. (0x12B)
[0307/231419.854:ERROR:process_memory_win.cc(73)] ReadMemory at 0x7ffc3feefabe of 512 bytes failed: Only part of a ReadProcessMemory or WriteProcessMemory request was completed. (0x12B)
[0307/231419.854:ERROR:process_memory_win.cc(73)] ReadMemory at 0x7ffc81a81f80 of 512 bytes failed: Only part of a ReadProcessMemory or WriteProcessMemory request was completed. (0x12B)
[0307/231419.854:ERROR:process_memory_win.cc(73)] ReadMemory at 0x7ffc8375feb0 of 592 bytes failed: Only part of a ReadProcessMemory or WriteProcessMemory request was completed. (0x12B)
[0307/231419.854:ERROR:process_memory_win.cc(73)] ReadMemory at 0x7ffc837af674 of 672 bytes failed: Only part of a ReadProcessMemory or WriteProcessMemory request was completed. (0x12B)
[0307/231419.855:ERROR:process_memory_win.cc(73)] ReadMemory at 0x7ffc837b2f04 of 608 bytes failed: Only part of a ReadProcessMemory or WriteProcessMemory request was completed. (0x12B)
[0307/231419.855:ERROR:process_memory_win.cc(73)] ReadMemory at 0x7ffc8383c0c8 of 18 bytes failed: Only part of a ReadProcessMemory or WriteProcessMemory request was completed. (0x12B)
[0307/231419.855:ERROR:process_memory_win.cc(73)] ReadMemory at 0x7ffc8386f4f8 of 40 bytes failed: Only part of a ReadProcessMemory or WriteProcessMemory request was completed. (0x12B)
[0307/231419.855:ERROR:process_memory_win.cc(73)] ReadMemory at 0x7ffc8386f978 of 48 bytes failed: Only part of a ReadProcessMemory or WriteProcessMemory request was completed. (0x12B)
[0307/231419.855:ERROR:process_memory_win.cc(73)] ReadMemory at 0x7ffc838753a0 of 64 bytes failed: Only part of a ReadProcessMemory or WriteProcessMemory request was completed. (0x12B)
[0307/231420.277:ERROR:scoped_process_suspend.cc(40)] NtResumeProcess: An attempt was made to access an exiting process. (0xc000010a)
